[2024-10-14T20:10:56.593] [INFO] default - MongooseServerSelectionError: Could not connect to any servers in your MongoDB Atlas cluster. One common reason is that you're trying to access the database from an IP that isn't whitelisted. Make sure your current IP address is on your Atlas cluster's IP whitelist: https://www.mongodb.com/docs/atlas/security-whitelist/
    at _handleConnectionErrors (/home/surya/Desktop/image-sharing-website/server/node_modules/mongoose/lib/connection.js:816:11)
    at NativeConnection.openUri (/home/surya/Desktop/image-sharing-website/server/node_modules/mongoose/lib/connection.js:791:11)
    at async connectDatabase (/home/surya/Desktop/image-sharing-website/server/config/db.js:13:5) {
  reason: TopologyDescription {
    type: 'ReplicaSetNoPrimary',
    servers: Map(3) {
      'image-sharing-shard-00-02.dlpj0.mongodb.net:27017' => [ServerDescription],
      'image-sharing-shard-00-00.dlpj0.mongodb.net:27017' => [ServerDescription],
      'image-sharing-shard-00-01.dlpj0.mongodb.net:27017' => [ServerDescription]
    },
    stale: false,
    compatible: true,
    heartbeatFrequencyMS: 10000,
    localThresholdMS: 15,
    setName: 'atlas-e7xy4t-shard-0',
    maxElectionId: null,
    maxSetVersion: null,
    commonWireVersion: 0,
    logicalSessionTimeoutMinutes: null
  },
  code: undefined
}
[2024-10-14T20:10:56.610] [ERROR] default - Could not connect to the database
[2024-10-14T20:10:56.620] [INFO] default - Server listening on http://localhost:8080
[2024-10-14T20:13:28.712] [INFO] default - MongooseServerSelectionError: Could not connect to any servers in your MongoDB Atlas cluster. One common reason is that you're trying to access the database from an IP that isn't whitelisted. Make sure your current IP address is on your Atlas cluster's IP whitelist: https://www.mongodb.com/docs/atlas/security-whitelist/
    at _handleConnectionErrors (/home/surya/Desktop/image-sharing-website/server/node_modules/mongoose/lib/connection.js:816:11)
    at NativeConnection.openUri (/home/surya/Desktop/image-sharing-website/server/node_modules/mongoose/lib/connection.js:791:11)
    at async connectDatabase (/home/surya/Desktop/image-sharing-website/server/config/db.js:13:5) {
  reason: TopologyDescription {
    type: 'ReplicaSetNoPrimary',
    servers: Map(3) {
      'image-sharing-shard-00-01.dlpj0.mongodb.net:27017' => [ServerDescription],
      'image-sharing-shard-00-02.dlpj0.mongodb.net:27017' => [ServerDescription],
      'image-sharing-shard-00-00.dlpj0.mongodb.net:27017' => [ServerDescription]
    },
    stale: false,
    compatible: true,
    heartbeatFrequencyMS: 10000,
    localThresholdMS: 15,
    setName: 'atlas-e7xy4t-shard-0',
    maxElectionId: null,
    maxSetVersion: null,
    commonWireVersion: 0,
    logicalSessionTimeoutMinutes: null
  },
  code: undefined
}
[2024-10-14T20:13:28.726] [ERROR] default - Could not connect to the database
[2024-10-14T20:13:28.737] [INFO] default - Server listening on http://localhost:8080
[2024-10-14T20:18:49.121] [INFO] default - MongooseServerSelectionError: Could not connect to any servers in your MongoDB Atlas cluster. One common reason is that you're trying to access the database from an IP that isn't whitelisted. Make sure your current IP address is on your Atlas cluster's IP whitelist: https://www.mongodb.com/docs/atlas/security-whitelist/
    at _handleConnectionErrors (/home/surya/Desktop/image-sharing-website/server/node_modules/mongoose/lib/connection.js:816:11)
    at NativeConnection.openUri (/home/surya/Desktop/image-sharing-website/server/node_modules/mongoose/lib/connection.js:791:11)
    at async connectDatabase (/home/surya/Desktop/image-sharing-website/server/config/db.js:13:5) {
  reason: TopologyDescription {
    type: 'ReplicaSetNoPrimary',
    servers: Map(3) {
      'image-sharing-shard-00-00.dlpj0.mongodb.net:27017' => [ServerDescription],
      'image-sharing-shard-00-01.dlpj0.mongodb.net:27017' => [ServerDescription],
      'image-sharing-shard-00-02.dlpj0.mongodb.net:27017' => [ServerDescription]
    },
    stale: false,
    compatible: true,
    heartbeatFrequencyMS: 10000,
    localThresholdMS: 15,
    setName: 'atlas-e7xy4t-shard-0',
    maxElectionId: null,
    maxSetVersion: null,
    commonWireVersion: 0,
    logicalSessionTimeoutMinutes: null
  },
  code: undefined
}
[2024-10-14T20:18:49.134] [ERROR] default - Could not connect to the database
[2024-10-14T20:18:49.142] [INFO] default - Server listening on http://localhost:8080
[2024-10-14T20:20:31.576] [INFO] default - MongooseServerSelectionError: Could not connect to any servers in your MongoDB Atlas cluster. One common reason is that you're trying to access the database from an IP that isn't whitelisted. Make sure your current IP address is on your Atlas cluster's IP whitelist: https://www.mongodb.com/docs/atlas/security-whitelist/
    at _handleConnectionErrors (/home/surya/Desktop/image-sharing-website/server/node_modules/mongoose/lib/connection.js:816:11)
    at NativeConnection.openUri (/home/surya/Desktop/image-sharing-website/server/node_modules/mongoose/lib/connection.js:791:11)
    at async connectDatabase (/home/surya/Desktop/image-sharing-website/server/config/db.js:13:5) {
  reason: TopologyDescription {
    type: 'ReplicaSetNoPrimary',
    servers: Map(3) {
      'image-sharing-shard-00-01.dlpj0.mongodb.net:27017' => [ServerDescription],
      'image-sharing-shard-00-02.dlpj0.mongodb.net:27017' => [ServerDescription],
      'image-sharing-shard-00-00.dlpj0.mongodb.net:27017' => [ServerDescription]
    },
    stale: false,
    compatible: true,
    heartbeatFrequencyMS: 10000,
    localThresholdMS: 15,
    setName: 'atlas-e7xy4t-shard-0',
    maxElectionId: null,
    maxSetVersion: null,
    commonWireVersion: 0,
    logicalSessionTimeoutMinutes: null
  },
  code: undefined
}
[2024-10-14T20:20:31.590] [ERROR] default - Could not connect to the database
[2024-10-14T20:20:31.600] [INFO] default - Server listening on http://localhost:8080
[2024-10-14T20:38:37.710] [INFO] default - MongooseServerSelectionError: Could not connect to any servers in your MongoDB Atlas cluster. One common reason is that you're trying to access the database from an IP that isn't whitelisted. Make sure your current IP address is on your Atlas cluster's IP whitelist: https://www.mongodb.com/docs/atlas/security-whitelist/
    at _handleConnectionErrors (/home/surya/Desktop/image-sharing-website/server/node_modules/mongoose/lib/connection.js:816:11)
    at NativeConnection.openUri (/home/surya/Desktop/image-sharing-website/server/node_modules/mongoose/lib/connection.js:791:11)
    at async connectDatabase (/home/surya/Desktop/image-sharing-website/server/config/db.js:13:5) {
  reason: TopologyDescription {
    type: 'ReplicaSetNoPrimary',
    servers: Map(3) {
      'image-sharing-shard-00-02.dlpj0.mongodb.net:27017' => [ServerDescription],
      'image-sharing-shard-00-00.dlpj0.mongodb.net:27017' => [ServerDescription],
      'image-sharing-shard-00-01.dlpj0.mongodb.net:27017' => [ServerDescription]
    },
    stale: false,
    compatible: true,
    heartbeatFrequencyMS: 10000,
    localThresholdMS: 15,
    setName: 'atlas-e7xy4t-shard-0',
    maxElectionId: null,
    maxSetVersion: null,
    commonWireVersion: 0,
    logicalSessionTimeoutMinutes: null
  },
  code: undefined
}
[2024-10-14T20:38:37.733] [ERROR] default - Could not connect to the database
[2024-10-14T20:38:37.745] [INFO] default - Server listening on http://localhost:8080
[2024-10-14T20:40:27.217] [INFO] default - Connected to Database
[2024-10-14T20:40:27.241] [INFO] default - Server listening on http://localhost:8080
[2024-10-14T20:40:50.203] [INFO] default - Connected to Database
[2024-10-14T20:40:50.240] [INFO] default - Server listening on http://localhost:8080
[2024-10-14T20:42:20.374] [INFO] default - Connected to Database
[2024-10-14T20:42:20.399] [INFO] default - Server listening on http://localhost:8080
[2024-10-14T20:42:45.785] [INFO] default - Connected to Database
[2024-10-14T20:42:45.814] [INFO] default - Server listening on http://localhost:8080
[2024-10-14T20:43:18.278] [INFO] default - Connected to Database
[2024-10-14T20:43:18.286] [INFO] default - Server listening on http://localhost:8080
[2024-10-14T20:43:22.284] [INFO] default - Connected to Database
[2024-10-14T20:43:22.312] [INFO] default - Server listening on http://localhost:8080
[2024-10-14T20:44:12.802] [INFO] default - Connected to Database
[2024-10-14T20:44:12.829] [INFO] default - Server listening on http://localhost:8080
[2024-10-14T20:44:39.566] [INFO] default - Connected to Database
[2024-10-14T20:44:39.597] [INFO] default - Server listening on http://localhost:8080
[2024-10-14T20:44:56.598] [INFO] default - Connected to Database
[2024-10-14T20:44:56.623] [INFO] default - Server listening on http://localhost:8080
[2024-10-14T20:52:03.273] [INFO] default - Connected to Database
[2024-10-14T20:52:03.291] [INFO] default - Server listening on http://localhost:8080
[2024-10-14T20:53:30.270] [INFO] default - Connected to Database
[2024-10-14T20:53:30.301] [INFO] default - Server listening on http://localhost:8080
